2023-03-11 18:08:48,876 [DEBUG] CloudFormation client initialized with endpoint https://cloudformation.us-east-1.amazonaws.com
2023-03-11 18:08:48,876 [DEBUG] SQS client initialized with endpoint https://sqs.us-east-1.amazonaws.com
2023-03-11 18:08:48,877 [DEBUG] CloudFormation client initialized with endpoint https://cloudformation.us-east-1.amazonaws.com
2023-03-11 18:08:48,877 [DEBUG] Enabled single threading mode.
2023-03-11 18:08:48,877 [DEBUG] Creating /var/lib/cfn-hup/data
2023-03-11 18:08:48,884 [INFO] No umask value specified in config file. Using the default one: 0o22
2023-03-11 18:08:49,587 [INFO] Refreshing listener credentials
2023-03-11 18:08:49,680 [INFO] Scheduling next credential refresh in 1799.0 seconds
2023-03-11 18:10:05,624 [INFO] Received command ElasticBeanstalkCommand-AWSEBAutoScalingGroup (invocation id: d8bef07a-4530-43fd-a83d-2e2492c4009e)
2023-03-11 18:10:05,624 [INFO] Running action for aws-eb-command-handler
2023-03-11 18:10:10,225 [INFO] Action for aws-eb-command-handler succeeded, returning SUCCESS
2023-03-11 18:13:50,815 [INFO] command processing is alive.
2023-03-11 18:15:20,936 [INFO] Received command ElasticBeanstalkCommand-AWSEBAutoScalingGroup (invocation id: 95a3ebc1-0a3a-4e78-8be9-8cb96b4cdc1c)
2023-03-11 18:15:20,936 [INFO] Running action for aws-eb-command-handler
2023-03-11 18:15:31,198 [INFO] Action for aws-eb-command-handler succeeded, returning SUCCESS
2023-03-11 18:18:51,763 [INFO] command processing is alive.
2023-03-11 18:23:52,538 [INFO] command processing is alive.
2023-03-11 18:24:48,163 [INFO] Received command ElasticBeanstalkCommand-AWSEBAutoScalingGroup (invocation id: 955bbe80-0e34-4b9c-ac89-5929cfbf5a85)
2023-03-11 18:24:48,164 [INFO] Running action for aws-eb-command-handler
2023-03-11 18:24:55,284 [INFO] Action for aws-eb-command-handler succeeded, returning SUCCESS
2023-03-11 18:28:53,032 [INFO] Received command ElasticBeanstalkCommand-AWSEBAutoScalingGroup (invocation id: 053e9c42-0455-4187-b518-574cbea2dea7)
2023-03-11 18:28:53,033 [INFO] Running action for aws-eb-command-handler
