2023-03-11 18:08:44,212 P3127 [INFO] ************************************************************
2023-03-11 18:08:44,212 P3127 [INFO] ConfigSet _OnInstanceBoot
2023-03-11 18:08:44,215 P3127 [INFO] ++++++++++++++++++++++++++++++++++++++++++++++++++++++++++++
2023-03-11 18:08:44,215 P3127 [INFO] Config AWSEBBaseConfig
2023-03-11 18:08:44,434 P3127 [INFO] ============================================================
2023-03-11 18:08:44,434 P3127 [INFO] Command clearbackupfiles
2023-03-11 18:08:44,439 P3127 [INFO] Completed successfully.
2023-03-11 18:08:44,443 P3127 [INFO] ++++++++++++++++++++++++++++++++++++++++++++++++++++++++++++
2023-03-11 18:08:44,444 P3127 [INFO] Config AWSEBCfnHupEndpointOverride
2023-03-11 18:08:44,444 P3127 [INFO] ============================================================
2023-03-11 18:08:44,444 P3127 [INFO] Command clearbackupfiles
2023-03-11 18:08:44,447 P3127 [INFO] Completed successfully.
2023-03-11 18:10:07,620 P3778 [INFO] ************************************************************
2023-03-11 18:10:07,620 P3778 [INFO] ConfigSet Infra-EmbeddedPreBuild
2023-03-11 18:10:09,604 P3881 [INFO] ************************************************************
2023-03-11 18:10:09,604 P3881 [INFO] ConfigSet Infra-EmbeddedPostBuild
2023-03-11 18:15:25,123 P9786 [INFO] ************************************************************
2023-03-11 18:15:25,123 P9786 [INFO] ConfigSet Infra-EmbeddedPreBuild
2023-03-11 18:15:29,825 P10197 [INFO] ************************************************************
2023-03-11 18:15:29,825 P10197 [INFO] ConfigSet Infra-EmbeddedPostBuild
