[2023-03-11T18:08:43Z] Started EB User Data
+ SLEEP_TIME=2
+ SLEEP_TIME_MAX=3600
+ true
+ curl https://elasticbeanstalk-platform-assets-us-east-1.s3.amazonaws.com/stalks/eb_corretto17_amazon_linux_2_1.0.4111.0_20230303235037/lib/UserDataScript.sh
  % Total    % Received % Xferd  Average Speed   Time    Time     Time  Current
                                 Dload  Upload   Total   Spent    Left  Speed
  0     0    0     0    0     0      0      0 --:--:-- --:--:-- --:--:--     0100  4627  100  4627    0     0  78234      0 --:--:-- --:--:-- --:--:-- 78423
+ RESULT=0
+ [[ 0 -ne 0 ]]
+ /bin/bash /tmp/ebbootstrap.sh 'https://cloudformation-waitcondition-us-east-1.s3.amazonaws.com/arn%3Aaws%3Acloudformation%3Aus-east-1%3A174279880035%3Astack/awseb-e-wfvih94c9x-stack/93ac72c0-c037-11ed-b92c-0ea716131c1d/AWSEBInstanceLaunchWaitHandle?X-Amz-Algorithm=AWS4-HMAC-SHA256&X-Amz-Date=20230311T180732Z&X-Amz-SignedHeaders=host&X-Amz-Expires=86399&X-Amz-Credential=AKIA6L7Q4OWT2GZYHG7N%2F20230311%2Fus-east-1%2Fs3%2Faws4_request&X-Amz-Signature=813e4c51d9de91ed1e10249a711eaf85fdf63a9f337fe93f301819f6a96362a8' arn:aws:cloudformation:us-east-1:174279880035:stack/awseb-e-wfvih94c9x-stack/93ac72c0-c037-11ed-b92c-0ea716131c1d d736a78c-48fd-4597-8b29-b2bcf76e4afc https://elasticbeanstalk-health.us-east-1.amazonaws.com '' https://elasticbeanstalk-platform-assets-us-east-1.s3.amazonaws.com/stalks/eb_corretto17_amazon_linux_2_1.0.4111.0_20230303235037 us-east-1
[2023-03-11T18:08:43.540Z] Started EB Bootstrapping Script.
[2023-03-11T18:08:43.556Z] Received parameters:
 TARBALLS = 
 EB_GEMS = 
 SIGNAL_URL = https://cloudformation-waitcondition-us-east-1.s3.amazonaws.com/arn%3Aaws%3Acloudformation%3Aus-east-1%3A174279880035%3Astack/awseb-e-wfvih94c9x-stack/93ac72c0-c037-11ed-b92c-0ea716131c1d/AWSEBInstanceLaunchWaitHandle?X-Amz-Algorithm=AWS4-HMAC-SHA256&X-Amz-Date=20230311T180732Z&X-Amz-SignedHeaders=host&X-Amz-Expires=86399&X-Amz-Credential=AKIA6L7Q4OWT2GZYHG7N%2F20230311%2Fus-east-1%2Fs3%2Faws4_request&X-Amz-Signature=813e4c51d9de91ed1e10249a711eaf85fdf63a9f337fe93f301819f6a96362a8
 STACK_ID = arn:aws:cloudformation:us-east-1:174279880035:stack/awseb-e-wfvih94c9x-stack/93ac72c0-c037-11ed-b92c-0ea716131c1d
 REGION = us-east-1
 GUID = 
 HEALTHD_GROUP_ID = d736a78c-48fd-4597-8b29-b2bcf76e4afc
 HEALTHD_ENDPOINT = https://elasticbeanstalk-health.us-east-1.amazonaws.com
 PROXY_SERVER = 
 HEALTHD_PROXY_LOG_LOCATION = 
 PLATFORM_ASSETS_URL = https://elasticbeanstalk-platform-assets-us-east-1.s3.amazonaws.com/stalks/eb_corretto17_amazon_linux_2_1.0.4111.0_20230303235037
[2023-03-11T18:08:43.619Z] engine url is set to https://elasticbeanstalk-platform-assets-us-east-1.s3.amazonaws.com/stalks/eb_corretto17_amazon_linux_2_1.0.4111.0_20230303235037/lib/platform-engine.zip
[2023-03-11T18:08:43.629Z] first init of instance.
[2023-03-11T18:08:43.640Z] Started executing cfn_init _OnInstanceBoot.
[2023-03-11T18:08:43.654Z] Running cfn-init ConfigSet: _OnInstanceBoot.
[2023-03-11T18:08:43.668Z] Using stack-id from userdata
[2023-03-11T18:08:44.473Z] Command Returned: 
[2023-03-11T18:08:44.479Z] Completed executing cfn_init.
[2023-03-11T18:08:44.485Z] finished _OnInstanceBoot
--2023-03-11 18:08:44--  https://elasticbeanstalk-platform-assets-us-east-1.s3.amazonaws.com/stalks/eb_corretto17_amazon_linux_2_1.0.4111.0_20230303235037/lib/platform-engine.zip
Resolving elasticbeanstalk-platform-assets-us-east-1.s3.amazonaws.com (elasticbeanstalk-platform-assets-us-east-1.s3.amazonaws.com)... 52.217.44.116, 52.217.82.108, 52.217.192.97, ...
Connecting to elasticbeanstalk-platform-assets-us-east-1.s3.amazonaws.com (elasticbeanstalk-platform-assets-us-east-1.s3.amazonaws.com)|52.217.44.116|:443... connected.
HTTP request sent, awaiting response... 200 OK
Length: 20951301 (20M) [application/zip]
Saving to: ‘/tmp/platform-engine.zip’

     0K .......... .......... .......... .......... ..........  0% 9.27M 2s
    50K .......... .......... .......... .......... ..........  0% 5.02M 3s
   100K .......... .......... .......... .......... ..........  0% 60.5M 2s
   150K .......... .......... .......... .......... ..........  0% 17.9M 2s
   200K .......... .......... .......... .......... ..........  1% 8.62M 2s
   250K .......... .......... .......... .......... ..........  1% 8.44M 2s
   300K .......... .......... .......... .......... ..........  1%  142M 2s
   350K .......... .......... .......... .......... ..........  1% 10.1M 2s
   400K .......... .......... .......... .......... ..........  2% 9.99M 2s
   450K .......... .......... .......... .......... ..........  2%  159M 2s
   500K .......... .......... .......... .......... ..........  2% 9.05M 2s
   550K .......... .......... .......... .......... ..........  2% 10.3M 2s
   600K .......... .......... .......... .......... ..........  3% 8.96M 2s
   650K .......... .......... .......... .......... ..........  3%  169M 2s
   700K .......... .......... .......... .......... ..........  3% 10.5M 2s
   750K .......... .......... .......... .......... ..........  3% 9.54M 2s
   800K .......... .......... .......... .......... ..........  4% 9.66M 2s
   850K .......... .......... .......... .......... ..........  4% 94.0M 2s
   900K .......... .......... .......... .......... ..........  4% 97.3M 1s
   950K .......... .......... .......... .......... ..........  4% 10.8M 1s
  1000K .......... .......... .......... .......... ..........  5%  168M 1s
  1050K .......... .......... .......... .......... ..........  5% 10.3M 1s
  1100K .......... .......... .......... .......... ..........  5% 81.3M 1s
  1150K .......... .......... .......... .......... ..........  5% 9.51M 1s
  1200K .......... .......... .......... .......... ..........  6% 84.9M 1s
  1250K .......... .......... .......... .......... ..........  6% 57.1M 1s
  1300K .......... .......... .......... .......... ..........  6% 7.08M 1s
  1350K .......... .......... .......... .......... ..........  6%  218M 1s
  1400K .......... .......... .......... .......... ..........  7% 84.4M 1s
  1450K .......... .......... .......... .......... ..........  7% 7.58M 1s
  1500K .......... .......... .......... .......... ..........  7% 83.1M 1s
  1550K .......... .......... .......... .......... ..........  7% 7.96M 1s
  1600K .......... .......... .......... .......... ..........  8%  249M 1s
  1650K .......... .......... .......... .......... ..........  8% 7.61M 1s
  1700K .......... .......... .......... .......... ..........  8%  225M 1s
  1750K .......... .......... .......... .......... ..........  8% 7.78M 1s
  1800K .......... .......... .......... .......... ..........  9%  222M 1s
  1850K .......... .......... .......... .......... ..........  9% 69.0M 1s
  1900K .......... .......... .......... .......... ..........  9% 6.79M 1s
  1950K .......... .......... .......... .......... ..........  9%  224M 1s
  2000K .......... .......... .......... .......... .......... 10%  145M 1s
  2050K .......... .......... .......... .......... .......... 10% 63.3M 1s
  2100K .......... .......... .......... .......... .......... 10% 6.87M 1s
  2150K .......... .......... .......... .......... .......... 10%  219M 1s
  2200K .......... .......... .......... .......... .......... 10% 73.1M 1s
  2250K .......... .......... .......... .......... .......... 11% 8.15M 1s
  2300K .......... .......... .......... .......... .......... 11% 7.85M 1s
  2350K .......... .......... .......... .......... .......... 11% 66.8M 1s
  2400K .......... .......... .......... .......... .......... 11% 56.7M 1s
  2450K .......... .......... .......... .......... .......... 12% 61.3M 1s
  2500K .......... .......... .......... .......... .......... 12% 61.1M 1s
  2550K .......... .......... .......... .......... .......... 12% 62.6M 1s
  2600K .......... .......... .......... .......... .......... 12% 57.8M 1s
  2650K .......... .......... .......... .......... .......... 13% 59.1M 1s
  2700K .......... .......... .......... .......... .......... 13% 66.8M 1s
  2750K .......... .......... .......... .......... .......... 13% 7.09M 1s
  2800K .......... .......... .......... .......... .......... 13% 91.2M 1s
  2850K .......... .......... .......... .......... .......... 14% 63.5M 1s
  2900K .......... .......... .......... .......... .......... 14% 63.7M 1s
  2950K .......... .......... .......... .......... .......... 14% 66.9M 1s
  3000K .......... .......... .......... .......... .......... 14% 69.4M 1s
  3050K .......... .......... .......... .......... .......... 15% 56.4M 1s
  3100K .......... .......... .......... .......... .......... 15% 59.0M 1s
  3150K .......... .......... .......... .......... .......... 15% 7.55M 1s
  3200K .......... .......... .......... .......... .......... 15%  115M 1s
  3250K .......... .......... .......... .......... .......... 16%  215M 1s
  3300K .......... .......... .......... .......... .......... 16%  263M 1s
  3350K .......... .......... .......... .......... .......... 16%  111M 1s
  3400K .......... .......... .......... .......... .......... 16% 53.4M 1s
  3450K .......... .......... .......... .......... .......... 17% 71.4M 1s
  3500K .......... .......... .......... .......... .......... 17% 49.1M 1s
  3550K .......... .......... .......... .......... .......... 17% 7.80M 1s
  3600K .......... .......... .......... .......... .......... 17%  233M 1s
  3650K .......... .......... .......... .......... .......... 18%  146M 1s
  3700K .......... .......... .......... .......... .......... 18%  160M 1s
  3750K .......... .......... .......... .......... .......... 18%  199M 1s
  3800K .......... .......... .......... .......... .......... 18% 70.3M 1s
  3850K .......... .......... .......... .......... .......... 19% 7.42M 1s
  3900K .......... .......... .......... .......... .......... 19% 94.4M 1s
  3950K .......... .......... .......... .......... .......... 19%  160M 1s
  4000K .......... .......... .......... .......... .......... 19%  155M 1s
  4050K .......... .......... .......... .......... .......... 20%  170M 1s
  4100K .......... .......... .......... .......... .......... 20% 8.06M 1s
  4150K .......... .......... .......... .......... .......... 20%  237M 1s
  4200K .......... .......... .......... .......... .......... 20%  118M 1s
  4250K .......... .......... .......... .......... .......... 21%  161M 1s
  4300K .......... .......... .......... .......... .......... 21%  206M 1s
  4350K .......... .......... .......... .......... .......... 21%  158M 1s
  4400K .......... .......... .......... .......... .......... 21% 6.12M 1s
  4450K .......... .......... .......... .......... .......... 21%  219M 1s
  4500K .......... .......... .......... .......... .......... 22% 81.8M 1s
  4550K .......... .......... .......... .......... .......... 22%  173M 1s
  4600K .......... .......... .......... .......... .......... 22%  179M 1s
  4650K .......... .......... .......... .......... .......... 22%  133M 1s
  4700K .......... .......... .......... .......... .......... 23% 59.4M 1s
  4750K .......... .......... .......... .......... .......... 23% 65.6M 1s
  4800K .......... .......... .......... .......... .......... 23% 44.3M 1s
  4850K .......... .......... .......... .......... .......... 23% 8.32M 1s
  4900K .......... .......... .......... .......... .......... 24%  104M 1s
  4950K .......... .......... .......... .......... .......... 24%  169M 1s
  5000K .......... .......... .......... .......... .......... 24%  194M 1s
  5050K .......... .......... .......... .......... .......... 24%  182M 1s
  5100K .......... .......... .......... .......... .......... 25% 7.51M 1s
  5150K .......... .......... .......... .......... .......... 25%  221M 1s
  5200K .......... .......... .......... .......... .......... 25% 91.3M 1s
  5250K .......... .......... .......... .......... .......... 25%  167M 1s
  5300K .......... .......... .......... .......... .......... 26%  175M 1s
  5350K .......... .......... .......... .......... .......... 26% 78.8M 1s
  5400K .......... .......... .......... .......... .......... 26% 7.37M 1s
  5450K .......... .......... .......... .......... .......... 26%  106M 1s
  5500K .......... .......... .......... .......... .......... 27%  149M 1s
  5550K .......... .......... .......... .......... .......... 27%  158M 1s
  5600K .......... .......... .......... .......... .......... 27%  150M 1s
  5650K .......... .......... .......... .......... .......... 27%  167M 1s
  5700K .......... .......... .......... .......... .......... 28% 8.50M 1s
  5750K .......... .......... .......... .......... .......... 28%  220M 1s
  5800K .......... .......... .......... .......... .......... 28%  109M 1s
  5850K .......... .......... .......... .......... .......... 28%  159M 1s
  5900K .......... .......... .......... .......... .......... 29%  153M 1s
  5950K .......... .......... .......... .......... .......... 29%  148M 1s
  6000K .......... .......... .......... .......... .......... 29%  161M 1s
  6050K .......... .......... .......... .......... .......... 29% 86.0M 1s
  6100K .......... .......... .......... .......... .......... 30% 9.03M 1s
  6150K .......... .......... .......... .......... .......... 30% 89.4M 1s
  6200K .......... .......... .......... .......... .......... 30%  128M 1s
  6250K .......... .......... .......... .......... .......... 30%  143M 1s
  6300K .......... .......... .......... .......... .......... 31%  145M 1s
  6350K .......... .......... .......... .......... .......... 31%  155M 1s
  6400K .......... .......... .......... .......... .......... 31%  157M 1s
  6450K .......... .......... .......... .......... .......... 31%  152M 1s
  6500K .......... .......... .......... .......... .......... 32%  137M 1s
  6550K .......... .......... .......... .......... .......... 32%  129M 1s
  6600K .......... .......... .......... .......... .......... 32% 8.37M 1s
  6650K .......... .......... .......... .......... .......... 32%  107M 1s
  6700K .......... .......... .......... .......... .......... 32%  163M 1s
  6750K .......... .......... .......... .......... .......... 33%  192M 1s
  6800K .......... .......... .......... .......... .......... 33%  173M 1s
  6850K .......... .......... .......... .......... .......... 33%  141M 1s
  6900K .......... .......... .......... .......... .......... 33% 59.3M 1s
  6950K .......... .......... .......... .......... .......... 34% 8.73M 1s
  7000K .......... .......... .......... .......... .......... 34% 90.7M 1s
  7050K .......... .......... .......... .......... .......... 34%  141M 1s
  7100K .......... .......... .......... .......... .......... 34%  148M 1s
  7150K .......... .......... .......... .......... .......... 35%  177M 1s
  7200K .......... .......... .......... .......... .......... 35% 77.3M 0s
  7250K .......... .......... .......... .......... .......... 35% 8.72M 1s
  7300K .......... .......... .......... .......... .......... 35%  112M 0s
  7350K .......... .......... .......... .......... .......... 36%  153M 0s
  7400K .......... .......... .......... .......... .......... 36%  148M 0s
  7450K .......... .......... .......... .......... .......... 36%  151M 0s
  7500K .......... .......... .......... .......... .......... 36%  156M 0s
  7550K .......... .......... .......... .......... .......... 37%  202M 0s
  7600K .......... .......... .......... .......... .......... 37% 8.48M 0s
  7650K .......... .......... .......... .......... .......... 37%  104M 0s
  7700K .......... .......... .......... .......... .......... 37%  184M 0s
  7750K .......... .......... .......... .......... .......... 38%  153M 0s
  7800K .......... .......... .......... .......... .......... 38%  144M 0s
  7850K .......... .......... .......... .......... .......... 38%  151M 0s
  7900K .......... .......... .......... .......... .......... 38% 79.4M 0s
  7950K .......... .......... .......... .......... .......... 39% 5.61M 0s
  8000K .......... .......... .......... .......... .......... 39% 84.9M 0s
  8050K .......... .......... .......... .......... .......... 39%  136M 0s
  8100K .......... .......... .......... .......... .......... 39%  149M 0s
  8150K .......... .......... .......... .......... .......... 40%  182M 0s
  8200K .......... .......... .......... .......... .......... 40%  185M 0s
  8250K .......... .......... .......... .......... .......... 40%  152M 0s
  8300K .......... .......... .......... .......... .......... 40%  156M 0s
  8350K .......... .......... .......... .......... .......... 41%  139M 0s
  8400K .......... .......... .......... .......... .......... 41%  162M 0s
  8450K .......... .......... .......... .......... .......... 41% 5.67M 0s
  8500K .......... .......... .......... .......... .......... 41%  227M 0s
  8550K .......... .......... .......... .......... .......... 42% 80.8M 0s
  8600K .......... .......... .......... .......... .......... 42%  147M 0s
  8650K .......... .......... .......... .......... .......... 42%  147M 0s
  8700K .......... .......... .......... .......... .......... 42%  149M 0s
  8750K .......... .......... .......... .......... .......... 43%  139M 0s
  8800K .......... .......... .......... .......... .......... 43%  156M 0s
  8850K .......... .......... .......... .......... .......... 43%  196M 0s
  8900K .......... .......... .......... .......... .......... 43% 6.67M 0s
  8950K .......... .......... .......... .......... .......... 43%  221M 0s
  9000K .......... .......... .......... .......... .......... 44% 92.6M 0s
  9050K .......... .......... .......... .......... .......... 44%  144M 0s
  9100K .......... .......... .......... .......... .......... 44%  133M 0s
  9150K .......... .......... .......... .......... .......... 44%  150M 0s
  9200K .......... .......... .......... .......... .......... 45%  165M 0s
  9250K .......... .......... .......... .......... .......... 45%  131M 0s
  9300K .......... .......... .......... .......... .......... 45% 65.1M 0s
  9350K .......... .......... .......... .......... .......... 45% 60.9M 0s
  9400K .......... .......... .......... .......... .......... 46% 63.0M 0s
  9450K .......... .......... .......... .......... .......... 46% 58.8M 0s
  9500K .......... .......... .......... .......... .......... 46% 62.6M 0s
  9550K .......... .......... .......... .......... .......... 46% 58.7M 0s
  9600K .......... .......... .......... .......... .......... 47% 58.7M 0s
  9650K .......... .......... .......... .......... .......... 47% 57.4M 0s
  9700K .......... .......... .......... .......... .......... 47% 43.6M 0s
  9750K .......... .......... .......... .......... .......... 47% 60.1M 0s
  9800K .......... .......... .......... .......... .......... 48% 8.12M 0s
  9850K .......... .......... .......... .......... .......... 48% 55.8M 0s
  9900K .......... .......... .......... .......... .......... 48% 42.8M 0s
  9950K .......... .......... .......... .......... .......... 48% 55.6M 0s
 10000K .......... .......... .......... .......... .......... 49% 49.1M 0s
 10050K .......... .......... .......... .......... .......... 49% 56.1M 0s
 10100K .......... .......... .......... .......... .......... 49% 57.5M 0s
 10150K .......... .......... .......... .......... .......... 49% 65.9M 0s
 10200K .......... .......... .......... .......... .......... 50% 55.6M 0s
 10250K .......... .......... .......... .......... .......... 50% 57.8M 0s
 10300K .......... .......... .......... .......... .......... 50% 7.24M 0s
 10350K .......... .......... .......... .......... .......... 50% 57.1M 0s
 10400K .......... .......... .......... .......... .......... 51% 56.6M 0s
 10450K .......... .......... .......... .......... .......... 51% 55.9M 0s
 10500K .......... .......... .......... .......... .......... 51% 61.5M 0s
 10550K .......... .......... .......... .......... .......... 51% 66.1M 0s
 10600K .......... .......... .......... .......... .......... 52% 60.1M 0s
 10650K .......... .......... .......... .......... .......... 52% 59.0M 0s
 10700K .......... .......... .......... .......... .......... 52% 62.7M 0s
 10750K .......... .......... .......... .......... .......... 52% 54.3M 0s
 10800K .......... .......... .......... .......... .......... 53% 6.18M 0s
 10850K .......... .......... .......... .......... .......... 53% 57.6M 0s
 10900K .......... .......... .......... .......... .......... 53% 60.4M 0s
 10950K .......... .......... .......... .......... .......... 53% 65.4M 0s
 11000K .......... .......... .......... .......... .......... 54% 83.3M 0s
 11050K .......... .......... .......... .......... .......... 54% 58.4M 0s
 11100K .......... .......... .......... .......... .......... 54% 58.9M 0s
 11150K .......... .......... .......... .......... .......... 54% 66.9M 0s
 11200K .......... .......... .......... .......... .......... 54% 72.5M 0s
 11250K .......... .......... .......... .......... .......... 55% 66.3M 0s
 11300K .......... .......... .......... .......... .......... 55% 59.6M 0s
 11350K .......... .......... .......... .......... .......... 55% 64.4M 0s
 11400K .......... .......... .......... .......... .......... 55% 68.6M 0s
 11450K .......... .......... .......... .......... .......... 56% 64.3M 0s
 11500K .......... .......... .......... .......... .......... 56% 66.4M 0s
 11550K .......... .......... .......... .......... .......... 56% 54.1M 0s
 11600K .......... .......... .......... .......... .......... 56% 5.84M 0s
 11650K .......... .......... .......... .......... .......... 57% 64.4M 0s
 11700K .......... .......... .......... .......... .......... 57% 66.5M 0s
 11750K .......... .......... .......... .......... .......... 57% 67.6M 0s
 11800K .......... .......... .......... .......... .......... 57% 73.1M 0s
 11850K .......... .......... .......... .......... .......... 58% 60.6M 0s
 11900K .......... .......... .......... .......... .......... 58% 67.8M 0s
 11950K .......... .......... .......... .......... .......... 58% 68.3M 0s
 12000K .......... .......... .......... .......... .......... 58% 69.4M 0s
 12050K .......... .......... .......... .......... .......... 59% 59.2M 0s
 12100K .......... .......... .......... .......... .......... 59% 62.9M 0s
 12150K .......... .......... .......... .......... .......... 59% 62.9M 0s
 12200K .......... .......... .......... .......... .......... 59% 67.6M 0s
 12250K .......... .......... .......... .......... .......... 60% 58.0M 0s
 12300K .......... .......... .......... .......... .......... 60% 72.6M 0s
 12350K .......... .......... .......... .......... .......... 60%  106M 0s
 12400K .......... .......... .......... .......... .......... 60% 81.6M 0s
 12450K .......... .......... .......... .......... .......... 61% 5.87M 0s
 12500K .......... .......... .......... .......... .......... 61% 65.7M 0s
 12550K .......... .......... .......... .......... .......... 61% 63.7M 0s
 12600K .......... .......... .......... .......... .......... 61% 67.0M 0s
 12650K .......... .......... .......... .......... .......... 62% 56.4M 0s
 12700K .......... .......... .......... .......... .......... 62% 60.4M 0s
 12750K .......... .......... .......... .......... .......... 62% 68.4M 0s
 12800K .......... .......... .......... .......... .......... 62% 63.6M 0s
 12850K .......... .......... .......... .......... .......... 63% 60.6M 0s
 12900K .......... .......... .......... .......... .......... 63% 72.5M 0s
 12950K .......... .......... .......... .......... .......... 63% 70.9M 0s
 13000K .......... .......... .......... .......... .......... 63% 69.9M 0s
 13050K .......... .......... .......... .......... .......... 64% 59.4M 0s
 13100K .......... .......... .......... .......... .......... 64% 70.0M 0s
 13150K .......... .......... .......... .......... .......... 64% 77.7M 0s
 13200K .......... .......... .......... .......... .......... 64% 68.3M 0s
 13250K .......... .......... .......... .......... .......... 65% 6.87M 0s
 13300K .......... .......... .......... .......... .......... 65% 73.7M 0s
 13350K .......... .......... .......... .......... .......... 65% 71.6M 0s
 13400K .......... .......... .......... .......... .......... 65% 69.2M 0s
 13450K .......... .......... .......... .......... .......... 65% 58.0M 0s
 13500K .......... .......... .......... .......... .......... 66% 67.0M 0s
 13550K .......... .......... .......... .......... .......... 66% 61.2M 0s
 13600K .......... .......... .......... .......... .......... 66% 74.9M 0s
 13650K .......... .......... .......... .......... .......... 66% 51.9M 0s
 13700K .......... .......... .......... .......... .......... 67% 64.5M 0s
 13750K .......... .......... .......... .......... .......... 67% 65.9M 0s
 13800K .......... .......... .......... .......... .......... 67% 60.7M 0s
 13850K .......... .......... .......... .......... .......... 67% 60.0M 0s
 13900K .......... .......... .......... .......... .......... 68% 63.7M 0s
 13950K .......... .......... .......... .......... .......... 68% 6.96M 0s
 14000K .......... .......... .......... .......... .......... 68% 62.9M 0s
 14050K .......... .......... .......... .......... .......... 68% 63.1M 0s
 14100K .......... .......... .......... .......... .......... 69% 71.4M 0s
 14150K .......... .......... .......... .......... .......... 69% 69.7M 0s
 14200K .......... .......... .......... .......... .......... 69% 67.8M 0s
 14250K .......... .......... .......... .......... .......... 69% 60.8M 0s
 14300K .......... .......... .......... .......... .......... 70% 67.3M 0s
 14350K .......... .......... .......... .......... .......... 70% 80.2M 0s
 14400K .......... .......... .......... .......... .......... 70% 71.6M 0s
 14450K .......... .......... .......... .......... .......... 70% 62.5M 0s
 14500K .......... .......... .......... .......... .......... 71% 73.3M 0s
 14550K .......... .......... .......... .......... .......... 71% 68.3M 0s
 14600K .......... .......... .......... .......... .......... 71% 67.5M 0s
 14650K .......... .......... .......... .......... .......... 71% 6.25M 0s
 14700K .......... .......... .......... .......... .......... 72% 71.2M 0s
 14750K .......... .......... .......... .......... .......... 72% 65.7M 0s
 14800K .......... .......... .......... .......... .......... 72% 69.5M 0s
 14850K .......... .......... .......... .......... .......... 72% 58.3M 0s
 14900K .......... .......... .......... .......... .......... 73% 89.1M 0s
 14950K .......... .......... .......... .......... .......... 73% 71.4M 0s
 15000K .......... .......... .......... .......... .......... 73% 65.5M 0s
 15050K .......... .......... .......... .......... .......... 73% 61.6M 0s
 15100K .......... .......... .......... .......... .......... 74% 72.6M 0s
 15150K .......... .......... .......... .......... .......... 74% 67.4M 0s
 15200K .......... .......... .......... .......... .......... 74% 72.4M 0s
 15250K .......... .......... .......... .......... .......... 74% 64.8M 0s
 15300K .......... .......... .......... .......... .......... 75% 75.1M 0s
 15350K .......... .......... .......... .......... .......... 75% 70.5M 0s
 15400K .......... .......... .......... .......... .......... 75% 63.2M 0s
 15450K .......... .......... .......... .......... .......... 75% 8.56M 0s
 15500K .......... .......... .......... .......... .......... 76% 65.9M 0s
 15550K .......... .......... .......... .......... .......... 76% 71.4M 0s
 15600K .......... .......... .......... .......... .......... 76% 65.6M 0s
 15650K .......... .......... .......... .......... .......... 76% 59.3M 0s
 15700K .......... .......... .......... .......... .......... 76% 63.1M 0s
 15750K .......... .......... .......... .......... .......... 77% 73.1M 0s
 15800K .......... .......... .......... .......... .......... 77% 65.5M 0s
 15850K .......... .......... .......... .......... .......... 77% 58.1M 0s
 15900K .......... .......... .......... .......... .......... 77% 68.3M 0s
 15950K .......... .......... .......... .......... .......... 78% 63.4M 0s
 16000K .......... .......... .......... .......... .......... 78% 9.05M 0s
 16050K .......... .......... .......... .......... .......... 78% 61.5M 0s
 16100K .......... .......... .......... .......... .......... 78% 68.0M 0s
 16150K .......... .......... .......... .......... .......... 79% 64.8M 0s
 16200K .......... .......... .......... .......... .......... 79% 69.0M 0s
 16250K .......... .......... .......... .......... .......... 79% 70.7M 0s
 16300K .......... .......... .......... .......... .......... 79% 82.3M 0s
 16350K .......... .......... .......... .......... .......... 80% 66.1M 0s
 16400K .......... .......... .......... .......... .......... 80% 68.5M 0s
 16450K .......... .......... .......... .......... .......... 80% 57.0M 0s
 16500K .......... .......... .......... .......... .......... 80% 6.48M 0s
 16550K .......... .......... .......... .......... .......... 81%  100M 0s
 16600K .......... .......... .......... .......... .......... 81% 78.2M 0s
 16650K .......... .......... .......... .......... .......... 81% 86.9M 0s
 16700K .......... .......... .......... .......... .......... 81% 85.6M 0s
 16750K .......... .......... .......... .......... .......... 82% 68.2M 0s
 16800K .......... .......... .......... .......... .......... 82% 64.2M 0s
 16850K .......... .......... .......... .......... .......... 82% 63.6M 0s
 16900K .......... .......... .......... .......... .......... 82% 61.0M 0s
 16950K .......... .......... .......... .......... .......... 83% 8.88M 0s
 17000K .......... .......... .......... .......... .......... 83% 70.3M 0s
 17050K .......... .......... .......... .......... .......... 83% 57.1M 0s
 17100K .......... .......... .......... .......... .......... 83% 68.1M 0s
 17150K .......... .......... .......... .......... .......... 84% 63.9M 0s
 17200K .......... .......... .......... .......... .......... 84% 69.0M 0s
 17250K .......... .......... .......... .......... .......... 84% 61.8M 0s
 17300K .......... .......... .......... .......... .......... 84% 59.8M 0s
 17350K .......... .......... .......... .......... .......... 85% 66.8M 0s
 17400K .......... .......... .......... .......... .......... 85% 65.9M 0s
 17450K .......... .......... .......... .......... .......... 85% 7.61M 0s
 17500K .......... .......... .......... .......... .......... 85% 99.5M 0s
 17550K .......... .......... .......... .......... .......... 86% 78.9M 0s
 17600K .......... .......... .......... .......... .......... 86% 79.3M 0s
 17650K .......... .......... .......... .......... .......... 86% 90.4M 0s
 17700K .......... .......... .......... .......... .......... 86%  102M 0s
 17750K .......... .......... .......... .......... .......... 86% 6.97M 0s
 17800K .......... .......... .......... .......... .......... 87% 99.6M 0s
 17850K .......... .......... .......... .......... .......... 87% 62.6M 0s
 17900K .......... .......... .......... .......... .......... 87% 95.0M 0s
 17950K .......... .......... .......... .......... .......... 87% 74.4M 0s
 18000K .......... .......... .......... .......... .......... 88% 61.5M 0s
 18050K .......... .......... .......... .......... .......... 88% 60.9M 0s
 18100K .......... .......... .......... .......... .......... 88% 65.1M 0s
 18150K .......... .......... .......... .......... .......... 88% 64.2M 0s
 18200K .......... .......... .......... .......... .......... 89% 67.6M 0s
 18250K .......... .......... .......... .......... .......... 89% 57.8M 0s
 18300K .......... .......... .......... .......... .......... 89% 68.4M 0s
 18350K .......... .......... .......... .......... .......... 89% 66.6M 0s
 18400K .......... .......... .......... .......... .......... 90% 66.0M 0s
 18450K .......... .......... .......... .......... .......... 90% 8.85M 0s
 18500K .......... .......... .......... .......... .......... 90% 62.0M 0s
 18550K .......... .......... .......... .......... .......... 90% 69.8M 0s
 18600K .......... .......... .......... .......... .......... 91% 7.07M 0s
 18650K .......... .......... .......... .......... .......... 91% 10.0M 0s
 18700K .......... .......... .......... .......... .......... 91%  114M 0s
 18750K .......... .......... .......... .......... .......... 91%  115M 0s
 18800K .......... .......... .......... .......... .......... 92%  112M 0s
 18850K .......... .......... .......... .......... .......... 92%  101M 0s
 18900K .......... .......... .......... .......... .......... 92%  109M 0s
 18950K .......... .......... .......... .......... .......... 92%  113M 0s
 19000K .......... .......... .......... .......... .......... 93%  113M 0s
 19050K .......... .......... .......... .......... .......... 93% 99.1M 0s
 19100K .......... .......... .......... .......... .......... 93%  110M 0s
 19150K .......... .......... .......... .......... .......... 93%  115M 0s
 19200K .......... .......... .......... .......... .......... 94%  115M 0s
 19250K .......... .......... .......... .......... .......... 94% 99.6M 0s
 19300K .......... .......... .......... .......... .......... 94%  115M 0s
 19350K .......... .......... .......... .......... .......... 94%  107M 0s
 19400K .......... .......... .......... .......... .......... 95%  113M 0s
 19450K .......... .......... .......... .......... .......... 95% 9.97M 0s
 19500K .......... .......... .......... .......... .......... 95%  106M 0s
 19550K .......... .......... .......... .......... .......... 95%  113M 0s
 19600K .......... .......... .......... .......... .......... 96%  110M 0s
 19650K .......... .......... .......... .......... .......... 96% 99.0M 0s
 19700K .......... .......... .......... .......... .......... 96%  113M 0s
 19750K .......... .......... .......... .......... .......... 96%  106M 0s
 19800K .......... .......... .......... .......... .......... 97%  110M 0s
 19850K .......... .......... .......... .......... .......... 97% 97.6M 0s
 19900K .......... .......... .......... .......... .......... 97%  110M 0s
 19950K .......... .......... .......... .......... .......... 97%  113M 0s
 20000K .......... .......... .......... .......... .......... 97%  114M 0s
 20050K .......... .......... .......... .......... .......... 98% 98.8M 0s
 20100K .......... .......... .......... .......... .......... 98%  114M 0s
 20150K .......... .......... .......... .......... .......... 98%  113M 0s
 20200K .......... .......... .......... .......... .......... 98%  104M 0s
 20250K .......... .......... .......... .......... .......... 99% 94.3M 0s
 20300K .......... .......... .......... .......... .......... 99%  108M 0s
 20350K .......... .......... .......... .......... .......... 99% 8.08M 0s
 20400K .......... .......... .......... .......... .......... 99%  102M 0s
 20450K ..........                                            100% 62.9M=0.6s

2023-03-11 18:08:45 (33.8 MB/s) - ‘/tmp/platform-engine.zip’ saved [20951301/20951301]

Archive:  /tmp/platform-engine.zip
  inflating: /opt/elasticbeanstalk/bin/platform-engine  
  inflating: /opt/elasticbeanstalk/bin/publishlogs  
  inflating: /opt/elasticbeanstalk/bin/get-config  
  inflating: /opt/elasticbeanstalk/bin/pkg-repo  
  inflating: /opt/elasticbeanstalk/config/private/aws-eb-command-handler.conf  
  inflating: /opt/elasticbeanstalk/config/private/aws-eb.target  
  inflating: /opt/elasticbeanstalk/config/private/beanstalk-magic  
  inflating: /opt/elasticbeanstalk/config/private/cfn-hup-wrapper  
  inflating: /opt/elasticbeanstalk/config/private/cfn-hup.conf.template  
  inflating: /opt/elasticbeanstalk/config/private/containercommandsupport/container-defaults.sh  
  inflating: /opt/elasticbeanstalk/config/private/containercommandsupport/leader-test.sh  
  inflating: /opt/elasticbeanstalk/config/private/eb-banner.template  
  inflating: /opt/elasticbeanstalk/config/private/guidlocking/repo.py  
  inflating: /opt/elasticbeanstalk/config/private/healthd/config.yaml.template  
  inflating: /opt/elasticbeanstalk/config/private/healthd/healthd_httpd.conf  
  inflating: /opt/elasticbeanstalk/config/private/healthd/healthd_logformat.conf  
  inflating: /opt/elasticbeanstalk/config/private/healthd/healthd_nginx.conf  
  inflating: /opt/elasticbeanstalk/config/private/healthd/healthddependency  
  inflating: /opt/elasticbeanstalk/config/private/healthd/logcleanup-cron.template  
  inflating: /opt/elasticbeanstalk/config/private/httpd/applicationport.conf.template  
  inflating: /opt/elasticbeanstalk/config/private/httpd/gzip.conf  
  inflating: /opt/elasticbeanstalk/config/private/httpd/httpd.conf.template  
  inflating: /opt/elasticbeanstalk/config/private/httpd/staticfilesmapping.conf.template  
  inflating: /opt/elasticbeanstalk/config/private/logrotate/logrotate-cron.template  
  inflating: /opt/elasticbeanstalk/config/private/logrotate/logrotate.template  
  inflating: /opt/elasticbeanstalk/config/private/logtasks/cron/publishlogs  
  inflating: /opt/elasticbeanstalk/config/private/nginx/applicationport.conf.template  
  inflating: /opt/elasticbeanstalk/config/private/nginx/nginx.conf.template  
  inflating: /opt/elasticbeanstalk/config/private/nginx/staticfilesmapping.conf.template  
 extracting: /opt/elasticbeanstalk/config/private/restartcfn.sh  
  inflating: /opt/elasticbeanstalk/config/private/restartcloudwatchagent.sh  
  inflating: /opt/elasticbeanstalk/config/private/rsyslog.conf.template  
  inflating: /opt/elasticbeanstalk/config/private/ruby_common_env  
  inflating: /opt/elasticbeanstalk/config/private/sqsd/default.yaml.template  
  inflating: /opt/elasticbeanstalk/config/private/sqsd/sqsdversion.json  
  inflating: /opt/elasticbeanstalk/config/private/systemd-append.template  
  inflating: /opt/elasticbeanstalk/config/private/systemd.template  
  inflating: /opt/elasticbeanstalk/tasks/bundlelogs.d/cfn-system.conf  
 extracting: /opt/elasticbeanstalk/tasks/bundlelogs.d/cloud-init-system.conf  
  inflating: /opt/elasticbeanstalk/tasks/bundlelogs.d/eb-app.conf  
 extracting: /opt/elasticbeanstalk/tasks/bundlelogs.d/eb-hooks.conf  
  inflating: /opt/elasticbeanstalk/tasks/bundlelogs.d/eb-system.conf  
 extracting: /opt/elasticbeanstalk/tasks/bundlelogs.d/rotate.conf  
  inflating: /opt/elasticbeanstalk/tasks/bundlelogs.d/system.conf  
 extracting: /opt/elasticbeanstalk/tasks/publishlogs.d/eb-app.conf  
  inflating: /opt/elasticbeanstalk/tasks/taillogs.d/eb-app.conf  
  inflating: /opt/elasticbeanstalk/tasks/taillogs.d/eb-engine.conf  
[2023-03-11T18:08:48.264Z] Successfully bootstrapped instance.
[2023-03-11T18:08:48.284Z] Sending signal 0 to CFN wait condition https://cloudformation-waitcondition-us-east-1.s3.amazonaws.com/arn%3Aaws%3Acloudformation%3Aus-east-1%3A174279880035%3Astack/awseb-e-wfvih94c9x-stack/93ac72c0-c037-11ed-b92c-0ea716131c1d/AWSEBInstanceLaunchWaitHandle?X-Amz-Algorithm=AWS4-HMAC-SHA256&X-Amz-Date=20230311T180732Z&X-Amz-SignedHeaders=host&X-Amz-Expires=86399&X-Amz-Credential=AKIA6L7Q4OWT2GZYHG7N%2F20230311%2Fus-east-1%2Fs3%2Faws4_request&X-Amz-Signature=813e4c51d9de91ed1e10249a711eaf85fdf63a9f337fe93f301819f6a96362a8
CloudFormation signaled successfully with %s.
[2023-03-11T18:08:49.043Z] Tailing /var/log/eb-commandprocessor.log

******************* eb-commandprocessor taillog *******************
***eb-commandprocessor is not available yet.***
******************* End of taillog *******************


[2023-03-11T18:08:49.059Z] Tailing /var/log/eb-activity.log

******************* eb-activity taillog *******************
***eb-activity is not available yet.***
******************* End of taillog *******************


[2023-03-11T18:08:49.084Z] Tailing /var/log/eb-tools.log

******************* eb-tools taillog *******************
***eb-tools is not available yet.***
******************* End of taillog *******************


[2023-03-11T18:08:49.098Z] Tailing /var/log/eb-version-deployment.log

******************* eb-version-deployment taillog *******************
***eb-version-deployment is not available yet.***
******************* End of taillog *******************


[2023-03-11T18:08:49.119Z] Tailing /var/log/cfn-init.log

******************* cfn-init taillog *******************
2023-03-11 18:08:44,192 [INFO] -----------------------Starting build-----------------------
2023-03-11 18:08:44,210 [INFO] Running configSets: _OnInstanceBoot
2023-03-11 18:08:44,212 [INFO] Running configSet _OnInstanceBoot
2023-03-11 18:08:44,215 [INFO] Running config AWSEBBaseConfig
2023-03-11 18:08:44,439 [INFO] Command clearbackupfiles succeeded
2023-03-11 18:08:44,443 [INFO] Running config AWSEBCfnHupEndpointOverride
2023-03-11 18:08:44,447 [INFO] Command clearbackupfiles succeeded
2023-03-11 18:08:44,448 [INFO] ConfigSets completed
2023-03-11 18:08:44,449 [INFO] -----------------------Build complete-----------------------
******************* End of taillog *******************


[2023-03-11T18:08:49.146Z] Tailing /var/log/cfn-hup.log

******************* cfn-hup taillog *******************
2023-03-11 18:08:48,876 [DEBUG] CloudFormation client initialized with endpoint https://cloudformation.us-east-1.amazonaws.com
2023-03-11 18:08:48,876 [DEBUG] SQS client initialized with endpoint https://sqs.us-east-1.amazonaws.com
2023-03-11 18:08:48,877 [DEBUG] CloudFormation client initialized with endpoint https://cloudformation.us-east-1.amazonaws.com
2023-03-11 18:08:48,877 [DEBUG] Enabled single threading mode.
2023-03-11 18:08:48,877 [DEBUG] Creating /var/lib/cfn-hup/data
2023-03-11 18:08:48,884 [INFO] No umask value specified in config file. Using the default one: 0o22
******************* End of taillog *******************


[2023-03-11T18:08:49.171Z] Completed EB Bootstrapping Script.
+ RESULT=0
+ [[ 0 -ne 0 ]]
+ exit 0
