# Logfile created on 2023-03-11 18:10:08 +0000 by logger.rb/66358
A, [2023-03-11T18:10:09.400978 #3854]   ANY -- : healthd daemon 1.0.6 initialized
W, [2023-03-11T18:10:09.513177 #3854]  WARN -- : log file "/var/log/nginx/healthd/application.log.2023-03-11-18" does not exist
F, [2023-03-11T18:15:25.544210 #3854] FATAL -- : /opt/elasticbeanstalk/lib/ruby/lib/ruby/gems/2.6.0/gems/puma-5.3.2/lib/puma/launcher.rb:476:in `block in setup_signals': SIGTERM (SignalException)
	from /opt/elasticbeanstalk/lib/ruby/lib/ruby/gems/2.6.0/gems/puma-5.3.2/lib/puma/single.rb:61:in `join'
	from /opt/elasticbeanstalk/lib/ruby/lib/ruby/gems/2.6.0/gems/puma-5.3.2/lib/puma/single.rb:61:in `run'
	from /opt/elasticbeanstalk/lib/ruby/lib/ruby/gems/2.6.0/gems/puma-5.3.2/lib/puma/launcher.rb:181:in `run'
	from /opt/elasticbeanstalk/lib/ruby/lib/ruby/gems/2.6.0/gems/puma-5.3.2/lib/puma/cli.rb:80:in `run'
	from /opt/elasticbeanstalk/lib/ruby/lib/ruby/gems/2.6.0/gems/healthd-1.0.6/bin/healthd:112:in `block in <top (required)>'
	from /opt/elasticbeanstalk/lib/ruby/lib/ruby/gems/2.6.0/gems/healthd-1.0.6/bin/healthd:19:in `chdir'
	from /opt/elasticbeanstalk/lib/ruby/lib/ruby/gems/2.6.0/gems/healthd-1.0.6/bin/healthd:19:in `<top (required)>'
	from /opt/elasticbeanstalk/lib/ruby/bin/healthd:23:in `load'
	from /opt/elasticbeanstalk/lib/ruby/bin/healthd:23:in `<main>'
A, [2023-03-11T18:15:28.328749 #9941]   ANY -- : healthd daemon 1.0.6 initialized
W, [2023-03-11T18:15:38.592363 #9941]  WARN -- : discarding statistic item after validation error (Invalid timestamp): {:id=>"0", :namespace=>"application", :timestamp=>1678558370, :data=>"{\"duration\":10,\"latency_histogram\":[[0.0,3]],\"http_counters\":{\"status_502\":3,\"request_count\":3}}"}
W, [2023-03-11T18:15:38.592435 #9941]  WARN -- : discarding statistic item after validation error (Invalid timestamp): {:id=>"1", :namespace=>"application", :timestamp=>1678558380, :data=>"{\"duration\":10,\"latency_histogram\":[[0.001,1]],\"http_counters\":{\"status_502\":1,\"request_count\":1}}"}
W, [2023-03-11T18:15:38.592462 #9941]  WARN -- : discarding statistic item after validation error (Invalid timestamp): {:id=>"2", :namespace=>"application", :timestamp=>1678558390, :data=>"{\"duration\":10,\"latency_histogram\":[[0.0,2]],\"http_counters\":{\"status_502\":2,\"request_count\":2}}"}
W, [2023-03-11T18:15:38.592484 #9941]  WARN -- : discarding statistic item after validation error (Invalid timestamp): {:id=>"3", :namespace=>"application", :timestamp=>1678558400, :data=>"{\"duration\":10,\"latency_histogram\":[[0.0,1],[0.001,2]],\"http_counters\":{\"status_502\":3,\"request_count\":3}}"}
W, [2023-03-11T18:15:38.592504 #9941]  WARN -- : discarding statistic item after validation error (Invalid timestamp): {:id=>"4", :namespace=>"application", :timestamp=>1678558410, :data=>"{\"duration\":10,\"latency_histogram\":[[0.0,1]],\"http_counters\":{\"status_502\":1,\"request_count\":1}}"}
W, [2023-03-11T18:15:38.592523 #9941]  WARN -- : discarding statistic item after validation error (Invalid timestamp): {:id=>"5", :namespace=>"application", :timestamp=>1678558420, :data=>"{\"duration\":10,\"latency_histogram\":[[0.0,2]],\"http_counters\":{\"status_502\":2,\"request_count\":2}}"}
W, [2023-03-11T18:15:38.592542 #9941]  WARN -- : discarding statistic item after validation error (Invalid timestamp): {:id=>"6", :namespace=>"application", :timestamp=>1678558430, :data=>"{\"duration\":10,\"latency_histogram\":[[0.0,3]],\"http_counters\":{\"status_502\":3,\"request_count\":3}}"}
W, [2023-03-11T18:15:38.592562 #9941]  WARN -- : discarding statistic item after validation error (Invalid timestamp): {:id=>"7", :namespace=>"application", :timestamp=>1678558440, :data=>"{\"duration\":10,\"latency_histogram\":[[0.0,1]],\"http_counters\":{\"status_502\":1,\"request_count\":1}}"}
W, [2023-03-11T18:15:48.399881 #9941]  WARN -- : discarding statistic item after validation error (Invalid timestamp): {:id=>"0", :namespace=>"application", :timestamp=>1678558220, :data=>"{\"duration\":10,\"latency_histogram\":[[0.001,1]],\"http_counters\":{\"status_502\":1,\"request_count\":1}}"}
W, [2023-03-11T18:15:48.399967 #9941]  WARN -- : discarding statistic item after validation error (Invalid timestamp): {:id=>"1", :namespace=>"application", :timestamp=>1678558230, :data=>"{\"duration\":10,\"latency_histogram\":[[0.0,1]],\"http_counters\":{\"status_502\":1,\"request_count\":1}}"}
W, [2023-03-11T18:15:48.399998 #9941]  WARN -- : discarding statistic item after validation error (Invalid timestamp): {:id=>"2", :namespace=>"application", :timestamp=>1678558250, :data=>"{\"duration\":10,\"latency_histogram\":[[0.0,1],[0.001,1]],\"http_counters\":{\"status_502\":2,\"request_count\":2}}"}
W, [2023-03-11T18:15:48.400022 #9941]  WARN -- : discarding statistic item after validation error (Invalid timestamp): {:id=>"3", :namespace=>"application", :timestamp=>1678558260, :data=>"{\"duration\":10,\"latency_histogram\":[[0.0,1]],\"http_counters\":{\"status_502\":1,\"request_count\":1}}"}
W, [2023-03-11T18:15:48.400043 #9941]  WARN -- : discarding statistic item after validation error (Invalid timestamp): {:id=>"4", :namespace=>"application", :timestamp=>1678558270, :data=>"{\"duration\":10,\"latency_histogram\":[[0.0,2]],\"http_counters\":{\"status_502\":2,\"request_count\":2}}"}
W, [2023-03-11T18:15:48.400066 #9941]  WARN -- : discarding statistic item after validation error (Invalid timestamp): {:id=>"5", :namespace=>"application", :timestamp=>1678558280, :data=>"{\"duration\":10,\"latency_histogram\":[[0.0,2],[0.001,1]],\"http_counters\":{\"status_502\":3,\"request_count\":3}}"}
W, [2023-03-11T18:15:48.400088 #9941]  WARN -- : discarding statistic item after validation error (Invalid timestamp): {:id=>"6", :namespace=>"application", :timestamp=>1678558290, :data=>"{\"duration\":10,\"latency_histogram\":[[0.0,1]],\"http_counters\":{\"status_502\":1,\"request_count\":1}}"}
W, [2023-03-11T18:15:48.400109 #9941]  WARN -- : discarding statistic item after validation error (Invalid timestamp): {:id=>"7", :namespace=>"application", :timestamp=>1678558300, :data=>"{\"duration\":10,\"latency_histogram\":[[0.0,2]],\"http_counters\":{\"status_502\":2,\"request_count\":2}}"}
W, [2023-03-11T18:15:48.400132 #9941]  WARN -- : discarding statistic item after validation error (Invalid timestamp): {:id=>"8", :namespace=>"application", :timestamp=>1678558310, :data=>"{\"duration\":10,\"latency_histogram\":[[0.0,3]],\"http_counters\":{\"status_502\":3,\"request_count\":3}}"}
W, [2023-03-11T18:15:48.400153 #9941]  WARN -- : discarding statistic item after validation error (Invalid timestamp): {:id=>"9", :namespace=>"application", :timestamp=>1678558320, :data=>"{\"duration\":10,\"latency_histogram\":[[0.0,1]],\"http_counters\":{\"status_502\":1,\"request_count\":1}}"}
W, [2023-03-11T18:15:48.400173 #9941]  WARN -- : discarding statistic item after validation error (Invalid timestamp): {:id=>"10", :namespace=>"application", :timestamp=>1678558330, :data=>"{\"duration\":10,\"latency_histogram\":[[0.0,2]],\"http_counters\":{\"status_502\":2,\"request_count\":2}}"}
W, [2023-03-11T18:15:48.400194 #9941]  WARN -- : discarding statistic item after validation error (Invalid timestamp): {:id=>"11", :namespace=>"application", :timestamp=>1678558340, :data=>"{\"duration\":10,\"latency_histogram\":[[0.0,3]],\"http_counters\":{\"status_502\":3,\"request_count\":3}}"}
W, [2023-03-11T18:15:48.400215 #9941]  WARN -- : discarding statistic item after validation error (Invalid timestamp): {:id=>"12", :namespace=>"application", :timestamp=>1678558350, :data=>"{\"duration\":10,\"latency_histogram\":[[0.0,1]],\"http_counters\":{\"status_502\":1,\"request_count\":1}}"}
W, [2023-03-11T18:15:48.400235 #9941]  WARN -- : discarding statistic item after validation error (Invalid timestamp): {:id=>"13", :namespace=>"application", :timestamp=>1678558360, :data=>"{\"duration\":10,\"latency_histogram\":[[0.0,2]],\"http_counters\":{\"status_502\":2,\"request_count\":2}}"}
F, [2023-03-11T18:24:49.958531 #9941] FATAL -- : /opt/elasticbeanstalk/lib/ruby/lib/ruby/gems/2.6.0/gems/puma-5.3.2/lib/puma/launcher.rb:476:in `block in setup_signals': SIGTERM (SignalException)
	from /opt/elasticbeanstalk/lib/ruby/lib/ruby/gems/2.6.0/gems/puma-5.3.2/lib/puma/single.rb:61:in `join'
	from /opt/elasticbeanstalk/lib/ruby/lib/ruby/gems/2.6.0/gems/puma-5.3.2/lib/puma/single.rb:61:in `run'
	from /opt/elasticbeanstalk/lib/ruby/lib/ruby/gems/2.6.0/gems/puma-5.3.2/lib/puma/launcher.rb:181:in `run'
	from /opt/elasticbeanstalk/lib/ruby/lib/ruby/gems/2.6.0/gems/puma-5.3.2/lib/puma/cli.rb:80:in `run'
	from /opt/elasticbeanstalk/lib/ruby/lib/ruby/gems/2.6.0/gems/healthd-1.0.6/bin/healthd:112:in `block in <top (required)>'
	from /opt/elasticbeanstalk/lib/ruby/lib/ruby/gems/2.6.0/gems/healthd-1.0.6/bin/healthd:19:in `chdir'
	from /opt/elasticbeanstalk/lib/ruby/lib/ruby/gems/2.6.0/gems/healthd-1.0.6/bin/healthd:19:in `<top (required)>'
	from /opt/elasticbeanstalk/lib/ruby/bin/healthd:23:in `load'
	from /opt/elasticbeanstalk/lib/ruby/bin/healthd:23:in `<main>'
A, [2023-03-11T18:24:52.430503 #20972]   ANY -- : healthd daemon 1.0.6 initialized
W, [2023-03-11T18:25:02.712254 #20972]  WARN -- : discarding statistic item after validation error (Invalid timestamp): {:id=>"0", :namespace=>"application", :timestamp=>1678558860, :data=>"{\"duration\":10,\"latency_histogram\":[[0.0,1]],\"http_counters\":{\"status_502\":1,\"request_count\":1}}"}
W, [2023-03-11T18:25:02.712330 #20972]  WARN -- : discarding statistic item after validation error (Invalid timestamp): {:id=>"1", :namespace=>"application", :timestamp=>1678558870, :data=>"{\"duration\":10,\"latency_histogram\":[[0.0,2]],\"http_counters\":{\"status_502\":2,\"request_count\":2}}"}
W, [2023-03-11T18:25:02.712360 #20972]  WARN -- : discarding statistic item after validation error (Invalid timestamp): {:id=>"2", :namespace=>"application", :timestamp=>1678558880, :data=>"{\"duration\":10,\"latency_histogram\":[[0.0,3]],\"http_counters\":{\"status_502\":3,\"request_count\":3}}"}
W, [2023-03-11T18:25:02.712384 #20972]  WARN -- : discarding statistic item after validation error (Invalid timestamp): {:id=>"3", :namespace=>"application", :timestamp=>1678558900, :data=>"{\"duration\":10,\"latency_histogram\":[[0.0,2]],\"http_counters\":{\"status_502\":2,\"request_count\":2}}"}
W, [2023-03-11T18:25:02.712406 #20972]  WARN -- : discarding statistic item after validation error (Invalid timestamp): {:id=>"4", :namespace=>"application", :timestamp=>1678558910, :data=>"{\"duration\":10,\"latency_histogram\":[[0.0,2]],\"http_counters\":{\"status_502\":2,\"request_count\":2}}"}
W, [2023-03-11T18:25:02.712426 #20972]  WARN -- : discarding statistic item after validation error (Invalid timestamp): {:id=>"5", :namespace=>"application", :timestamp=>1678558930, :data=>"{\"duration\":10,\"latency_histogram\":[[0.0,2]],\"http_counters\":{\"status_502\":2,\"request_count\":2}}"}
W, [2023-03-11T18:25:02.712447 #20972]  WARN -- : discarding statistic item after validation error (Invalid timestamp): {:id=>"6", :namespace=>"application", :timestamp=>1678558940, :data=>"{\"duration\":10,\"latency_histogram\":[[0.0,2]],\"http_counters\":{\"status_502\":2,\"request_count\":2}}"}
W, [2023-03-11T18:25:02.712468 #20972]  WARN -- : discarding statistic item after validation error (Invalid timestamp): {:id=>"7", :namespace=>"application", :timestamp=>1678558960, :data=>"{\"duration\":10,\"latency_histogram\":[[0.0,2]],\"http_counters\":{\"status_502\":2,\"request_count\":2}}"}
W, [2023-03-11T18:25:02.712489 #20972]  WARN -- : discarding statistic item after validation error (Invalid timestamp): {:id=>"8", :namespace=>"application", :timestamp=>1678558970, :data=>"{\"duration\":10,\"latency_histogram\":[[0.0,2]],\"http_counters\":{\"status_502\":2,\"request_count\":2}}"}
W, [2023-03-11T18:25:02.712510 #20972]  WARN -- : discarding statistic item after validation error (Invalid timestamp): {:id=>"9", :namespace=>"application", :timestamp=>1678558990, :data=>"{\"duration\":10,\"latency_histogram\":[[0.0,2]],\"http_counters\":{\"status_502\":2,\"request_count\":2}}"}
W, [2023-03-11T18:25:02.712531 #20972]  WARN -- : discarding statistic item after validation error (Invalid timestamp): {:id=>"10", :namespace=>"application", :timestamp=>1678559000, :data=>"{\"duration\":10,\"latency_histogram\":[[0.0,2]],\"http_counters\":{\"status_502\":2,\"request_count\":2}}"}
W, [2023-03-11T18:25:12.503791 #20972]  WARN -- : discarding statistic item after validation error (Invalid timestamp): {:id=>"0", :namespace=>"application", :timestamp=>1678558670, :data=>"{\"duration\":10,\"latency_histogram\":[[0.0,3]],\"http_counters\":{\"status_502\":3,\"request_count\":3}}"}
W, [2023-03-11T18:25:12.503867 #20972]  WARN -- : discarding statistic item after validation error (Invalid timestamp): {:id=>"1", :namespace=>"application", :timestamp=>1678558680, :data=>"{\"duration\":10,\"latency_histogram\":[[0.0,1]],\"http_counters\":{\"status_502\":1,\"request_count\":1}}"}
W, [2023-03-11T18:25:12.503896 #20972]  WARN -- : discarding statistic item after validation error (Invalid timestamp): {:id=>"2", :namespace=>"application", :timestamp=>1678558690, :data=>"{\"duration\":10,\"latency_histogram\":[[0.0,2]],\"http_counters\":{\"status_502\":2,\"request_count\":2}}"}
W, [2023-03-11T18:25:12.503921 #20972]  WARN -- : discarding statistic item after validation error (Invalid timestamp): {:id=>"3", :namespace=>"application", :timestamp=>1678558700, :data=>"{\"duration\":10,\"latency_histogram\":[[0.0,3]],\"http_counters\":{\"status_502\":3,\"request_count\":3}}"}
W, [2023-03-11T18:25:12.503944 #20972]  WARN -- : discarding statistic item after validation error (Invalid timestamp): {:id=>"4", :namespace=>"application", :timestamp=>1678558710, :data=>"{\"duration\":10,\"latency_histogram\":[[0.0,1]],\"http_counters\":{\"status_502\":1,\"request_count\":1}}"}
W, [2023-03-11T18:25:12.503966 #20972]  WARN -- : discarding statistic item after validation error (Invalid timestamp): {:id=>"5", :namespace=>"application", :timestamp=>1678558720, :data=>"{\"duration\":10,\"latency_histogram\":[[0.0,2]],\"http_counters\":{\"status_502\":2,\"request_count\":2}}"}
W, [2023-03-11T18:25:12.503989 #20972]  WARN -- : discarding statistic item after validation error (Invalid timestamp): {:id=>"6", :namespace=>"application", :timestamp=>1678558730, :data=>"{\"duration\":10,\"latency_histogram\":[[0.0,2],[0.001,1]],\"http_counters\":{\"status_502\":3,\"request_count\":3}}"}
W, [2023-03-11T18:25:12.504010 #20972]  WARN -- : discarding statistic item after validation error (Invalid timestamp): {:id=>"7", :namespace=>"application", :timestamp=>1678558740, :data=>"{\"duration\":10,\"latency_histogram\":[[0.0,1]],\"http_counters\":{\"status_502\":1,\"request_count\":1}}"}
W, [2023-03-11T18:25:12.504031 #20972]  WARN -- : discarding statistic item after validation error (Invalid timestamp): {:id=>"8", :namespace=>"application", :timestamp=>1678558750, :data=>"{\"duration\":10,\"latency_histogram\":[[0.0,2]],\"http_counters\":{\"status_502\":2,\"request_count\":2}}"}
W, [2023-03-11T18:25:12.504052 #20972]  WARN -- : discarding statistic item after validation error (Invalid timestamp): {:id=>"9", :namespace=>"application", :timestamp=>1678558760, :data=>"{\"duration\":10,\"latency_histogram\":[[0.0,3]],\"http_counters\":{\"status_502\":3,\"request_count\":3}}"}
W, [2023-03-11T18:25:12.504074 #20972]  WARN -- : discarding statistic item after validation error (Invalid timestamp): {:id=>"10", :namespace=>"application", :timestamp=>1678558770, :data=>"{\"duration\":10,\"latency_histogram\":[[0.0,1]],\"http_counters\":{\"status_502\":1,\"request_count\":1}}"}
W, [2023-03-11T18:25:12.504094 #20972]  WARN -- : discarding statistic item after validation error (Invalid timestamp): {:id=>"11", :namespace=>"application", :timestamp=>1678558780, :data=>"{\"duration\":10,\"latency_histogram\":[[0.0,2]],\"http_counters\":{\"status_502\":2,\"request_count\":2}}"}
W, [2023-03-11T18:25:12.504115 #20972]  WARN -- : discarding statistic item after validation error (Invalid timestamp): {:id=>"12", :namespace=>"application", :timestamp=>1678558790, :data=>"{\"duration\":10,\"latency_histogram\":[[0.0,3]],\"http_counters\":{\"status_502\":3,\"request_count\":3}}"}
W, [2023-03-11T18:25:12.504136 #20972]  WARN -- : discarding statistic item after validation error (Invalid timestamp): {:id=>"13", :namespace=>"application", :timestamp=>1678558800, :data=>"{\"duration\":10,\"latency_histogram\":[[0.0,1]],\"http_counters\":{\"status_502\":1,\"request_count\":1}}"}
W, [2023-03-11T18:25:12.504173 #20972]  WARN -- : discarding statistic item after validation error (Invalid timestamp): {:id=>"14", :namespace=>"application", :timestamp=>1678558810, :data=>"{\"duration\":10,\"latency_histogram\":[[0.0,2]],\"http_counters\":{\"status_502\":2,\"request_count\":2}}"}
W, [2023-03-11T18:25:12.504199 #20972]  WARN -- : discarding statistic item after validation error (Invalid timestamp): {:id=>"15", :namespace=>"application", :timestamp=>1678558820, :data=>"{\"duration\":10,\"latency_histogram\":[[0.0,3]],\"http_counters\":{\"status_502\":3,\"request_count\":3}}"}
W, [2023-03-11T18:25:12.504220 #20972]  WARN -- : discarding statistic item after validation error (Invalid timestamp): {:id=>"16", :namespace=>"application", :timestamp=>1678558830, :data=>"{\"duration\":10,\"latency_histogram\":[[0.0,1]],\"http_counters\":{\"status_502\":1,\"request_count\":1}}"}
W, [2023-03-11T18:25:12.504240 #20972]  WARN -- : discarding statistic item after validation error (Invalid timestamp): {:id=>"17", :namespace=>"application", :timestamp=>1678558840, :data=>"{\"duration\":10,\"latency_histogram\":[[0.0,4]],\"http_counters\":{\"status_502\":4,\"request_count\":4}}"}
W, [2023-03-11T18:25:12.504260 #20972]  WARN -- : discarding statistic item after validation error (Invalid timestamp): {:id=>"18", :namespace=>"application", :timestamp=>1678558850, :data=>"{\"duration\":10,\"latency_histogram\":[[0.0,3]],\"http_counters\":{\"status_502\":3,\"request_count\":3}}"}
W, [2023-03-11T18:25:22.499870 #20972]  WARN -- : discarding statistic item after validation error (Invalid timestamp): {:id=>"0", :namespace=>"application", :timestamp=>1678558490, :data=>"{\"duration\":10,\"latency_histogram\":[[0.0,3]],\"http_counters\":{\"status_502\":3,\"request_count\":3}}"}
W, [2023-03-11T18:25:22.499946 #20972]  WARN -- : discarding statistic item after validation error (Invalid timestamp): {:id=>"1", :namespace=>"application", :timestamp=>1678558500, :data=>"{\"duration\":10,\"latency_histogram\":[[0.0,1]],\"http_counters\":{\"status_502\":1,\"request_count\":1}}"}
W, [2023-03-11T18:25:22.499974 #20972]  WARN -- : discarding statistic item after validation error (Invalid timestamp): {:id=>"2", :namespace=>"application", :timestamp=>1678558510, :data=>"{\"duration\":10,\"latency_histogram\":[[0.0,2]],\"http_counters\":{\"status_502\":2,\"request_count\":2}}"}
W, [2023-03-11T18:25:22.500000 #20972]  WARN -- : discarding statistic item after validation error (Invalid timestamp): {:id=>"3", :namespace=>"application", :timestamp=>1678558520, :data=>"{\"duration\":10,\"latency_histogram\":[[0.0,2],[0.001,1]],\"http_counters\":{\"status_502\":3,\"request_count\":3}}"}
W, [2023-03-11T18:25:22.500021 #20972]  WARN -- : discarding statistic item after validation error (Invalid timestamp): {:id=>"4", :namespace=>"application", :timestamp=>1678558530, :data=>"{\"duration\":10,\"latency_histogram\":[[0.0,1]],\"http_counters\":{\"status_502\":1,\"request_count\":1}}"}
W, [2023-03-11T18:25:22.500044 #20972]  WARN -- : discarding statistic item after validation error (Invalid timestamp): {:id=>"5", :namespace=>"application", :timestamp=>1678558540, :data=>"{\"duration\":10,\"latency_histogram\":[[0.0,1]],\"http_counters\":{\"status_502\":1,\"request_count\":1}}"}
W, [2023-03-11T18:25:22.500063 #20972]  WARN -- : discarding statistic item after validation error (Invalid timestamp): {:id=>"6", :namespace=>"application", :timestamp=>1678558550, :data=>"{\"duration\":10,\"latency_histogram\":[[0.0,3]],\"http_counters\":{\"status_502\":3,\"request_count\":3}}"}
W, [2023-03-11T18:25:22.500085 #20972]  WARN -- : discarding statistic item after validation error (Invalid timestamp): {:id=>"7", :namespace=>"application", :timestamp=>1678558560, :data=>"{\"duration\":10,\"latency_histogram\":[[0.001,1]],\"http_counters\":{\"status_502\":1,\"request_count\":1}}"}
W, [2023-03-11T18:25:22.500114 #20972]  WARN -- : discarding statistic item after validation error (Invalid timestamp): {:id=>"8", :namespace=>"application", :timestamp=>1678558570, :data=>"{\"duration\":10,\"latency_histogram\":[[0.0,1],[0.001,1]],\"http_counters\":{\"status_502\":2,\"request_count\":2}}"}
W, [2023-03-11T18:25:22.500138 #20972]  WARN -- : discarding statistic item after validation error (Invalid timestamp): {:id=>"9", :namespace=>"application", :timestamp=>1678558580, :data=>"{\"duration\":10,\"latency_histogram\":[[0.0,3]],\"http_counters\":{\"status_502\":3,\"request_count\":3}}"}
W, [2023-03-11T18:25:22.500158 #20972]  WARN -- : discarding statistic item after validation error (Invalid timestamp): {:id=>"10", :namespace=>"application", :timestamp=>1678558590, :data=>"{\"duration\":10,\"latency_histogram\":[[0.0,1]],\"http_counters\":{\"status_502\":1,\"request_count\":1}}"}
W, [2023-03-11T18:25:22.500188 #20972]  WARN -- : discarding statistic item after validation error (Invalid timestamp): {:id=>"11", :namespace=>"application", :timestamp=>1678558600, :data=>"{\"duration\":10,\"latency_histogram\":[[0.0,2]],\"http_counters\":{\"status_502\":2,\"request_count\":2}}"}
W, [2023-03-11T18:25:22.500210 #20972]  WARN -- : discarding statistic item after validation error (Invalid timestamp): {:id=>"12", :namespace=>"application", :timestamp=>1678558610, :data=>"{\"duration\":10,\"latency_histogram\":[[0.0,3]],\"http_counters\":{\"status_502\":3,\"request_count\":3}}"}
W, [2023-03-11T18:25:22.500232 #20972]  WARN -- : discarding statistic item after validation error (Invalid timestamp): {:id=>"13", :namespace=>"application", :timestamp=>1678558620, :data=>"{\"duration\":10,\"latency_histogram\":[[0.0,1]],\"http_counters\":{\"status_502\":1,\"request_count\":1}}"}
W, [2023-03-11T18:25:22.500251 #20972]  WARN -- : discarding statistic item after validation error (Invalid timestamp): {:id=>"14", :namespace=>"application", :timestamp=>1678558630, :data=>"{\"duration\":10,\"latency_histogram\":[[0.0,2]],\"http_counters\":{\"status_502\":2,\"request_count\":2}}"}
W, [2023-03-11T18:25:22.500274 #20972]  WARN -- : discarding statistic item after validation error (Invalid timestamp): {:id=>"15", :namespace=>"application", :timestamp=>1678558640, :data=>"{\"duration\":10,\"latency_histogram\":[[0.0,2],[0.001,1]],\"http_counters\":{\"status_502\":3,\"request_count\":3}}"}
W, [2023-03-11T18:25:22.500294 #20972]  WARN -- : discarding statistic item after validation error (Invalid timestamp): {:id=>"16", :namespace=>"application", :timestamp=>1678558650, :data=>"{\"duration\":10,\"latency_histogram\":[[0.0,1]],\"http_counters\":{\"status_502\":1,\"request_count\":1}}"}
W, [2023-03-11T18:25:22.500316 #20972]  WARN -- : discarding statistic item after validation error (Invalid timestamp): {:id=>"17", :namespace=>"application", :timestamp=>1678558660, :data=>"{\"duration\":10,\"latency_histogram\":[[0.0,2]],\"http_counters\":{\"status_502\":2,\"request_count\":2}}"}
W, [2023-03-11T18:25:32.499779 #20972]  WARN -- : discarding statistic item after validation error (Invalid timestamp): {:id=>"0", :namespace=>"application", :timestamp=>1678558320, :data=>"{\"duration\":10,\"latency_histogram\":[[0.0,1]],\"http_counters\":{\"status_502\":1,\"request_count\":1}}"}
W, [2023-03-11T18:25:32.499854 #20972]  WARN -- : discarding statistic item after validation error (Invalid timestamp): {:id=>"1", :namespace=>"application", :timestamp=>1678558330, :data=>"{\"duration\":10,\"latency_histogram\":[[0.0,2]],\"http_counters\":{\"status_502\":2,\"request_count\":2}}"}
W, [2023-03-11T18:25:32.499884 #20972]  WARN -- : discarding statistic item after validation error (Invalid timestamp): {:id=>"2", :namespace=>"application", :timestamp=>1678558340, :data=>"{\"duration\":10,\"latency_histogram\":[[0.0,3]],\"http_counters\":{\"status_502\":3,\"request_count\":3}}"}
W, [2023-03-11T18:25:32.499906 #20972]  WARN -- : discarding statistic item after validation error (Invalid timestamp): {:id=>"3", :namespace=>"application", :timestamp=>1678558350, :data=>"{\"duration\":10,\"latency_histogram\":[[0.0,1]],\"http_counters\":{\"status_502\":1,\"request_count\":1}}"}
W, [2023-03-11T18:25:32.499938 #20972]  WARN -- : discarding statistic item after validation error (Invalid timestamp): {:id=>"4", :namespace=>"application", :timestamp=>1678558360, :data=>"{\"duration\":10,\"latency_histogram\":[[0.0,2]],\"http_counters\":{\"status_502\":2,\"request_count\":2}}"}
W, [2023-03-11T18:25:32.499959 #20972]  WARN -- : discarding statistic item after validation error (Invalid timestamp): {:id=>"5", :namespace=>"application", :timestamp=>1678558370, :data=>"{\"duration\":10,\"latency_histogram\":[[0.0,3]],\"http_counters\":{\"status_502\":3,\"request_count\":3}}"}
W, [2023-03-11T18:25:32.499983 #20972]  WARN -- : discarding statistic item after validation error (Invalid timestamp): {:id=>"6", :namespace=>"application", :timestamp=>1678558380, :data=>"{\"duration\":10,\"latency_histogram\":[[0.001,1]],\"http_counters\":{\"status_502\":1,\"request_count\":1}}"}
W, [2023-03-11T18:25:32.500003 #20972]  WARN -- : discarding statistic item after validation error (Invalid timestamp): {:id=>"7", :namespace=>"application", :timestamp=>1678558390, :data=>"{\"duration\":10,\"latency_histogram\":[[0.0,2]],\"http_counters\":{\"status_502\":2,\"request_count\":2}}"}
W, [2023-03-11T18:25:32.500025 #20972]  WARN -- : discarding statistic item after validation error (Invalid timestamp): {:id=>"8", :namespace=>"application", :timestamp=>1678558400, :data=>"{\"duration\":10,\"latency_histogram\":[[0.0,1],[0.001,2]],\"http_counters\":{\"status_502\":3,\"request_count\":3}}"}
W, [2023-03-11T18:25:32.500050 #20972]  WARN -- : discarding statistic item after validation error (Invalid timestamp): {:id=>"9", :namespace=>"application", :timestamp=>1678558410, :data=>"{\"duration\":10,\"latency_histogram\":[[0.0,1]],\"http_counters\":{\"status_502\":1,\"request_count\":1}}"}
W, [2023-03-11T18:25:32.500072 #20972]  WARN -- : discarding statistic item after validation error (Invalid timestamp): {:id=>"10", :namespace=>"application", :timestamp=>1678558420, :data=>"{\"duration\":10,\"latency_histogram\":[[0.0,2]],\"http_counters\":{\"status_502\":2,\"request_count\":2}}"}
W, [2023-03-11T18:25:32.500091 #20972]  WARN -- : discarding statistic item after validation error (Invalid timestamp): {:id=>"11", :namespace=>"application", :timestamp=>1678558430, :data=>"{\"duration\":10,\"latency_histogram\":[[0.0,3]],\"http_counters\":{\"status_502\":3,\"request_count\":3}}"}
W, [2023-03-11T18:25:32.500112 #20972]  WARN -- : discarding statistic item after validation error (Invalid timestamp): {:id=>"12", :namespace=>"application", :timestamp=>1678558440, :data=>"{\"duration\":10,\"latency_histogram\":[[0.0,1]],\"http_counters\":{\"status_502\":1,\"request_count\":1}}"}
W, [2023-03-11T18:25:32.500131 #20972]  WARN -- : discarding statistic item after validation error (Invalid timestamp): {:id=>"13", :namespace=>"application", :timestamp=>1678558450, :data=>"{\"duration\":10,\"latency_histogram\":[[0.0,2]],\"http_counters\":{\"status_502\":2,\"request_count\":2}}"}
W, [2023-03-11T18:25:32.500152 #20972]  WARN -- : discarding statistic item after validation error (Invalid timestamp): {:id=>"14", :namespace=>"application", :timestamp=>1678558460, :data=>"{\"duration\":10,\"latency_histogram\":[[0.0,5]],\"http_counters\":{\"status_502\":5,\"request_count\":5}}"}
W, [2023-03-11T18:25:32.500172 #20972]  WARN -- : discarding statistic item after validation error (Invalid timestamp): {:id=>"15", :namespace=>"application", :timestamp=>1678558470, :data=>"{\"duration\":10,\"latency_histogram\":[[0.0,1]],\"http_counters\":{\"status_502\":1,\"request_count\":1}}"}
W, [2023-03-11T18:25:32.500209 #20972]  WARN -- : discarding statistic item after validation error (Invalid timestamp): {:id=>"16", :namespace=>"application", :timestamp=>1678558480, :data=>"{\"duration\":10,\"latency_histogram\":[[0.0,2]],\"http_counters\":{\"status_502\":2,\"request_count\":2}}"}
W, [2023-03-11T18:25:42.498947 #20972]  WARN -- : discarding statistic item after validation error (Invalid timestamp): {:id=>"0", :namespace=>"application", :timestamp=>1678558220, :data=>"{\"duration\":10,\"latency_histogram\":[[0.001,1]],\"http_counters\":{\"status_502\":1,\"request_count\":1}}"}
W, [2023-03-11T18:25:42.499033 #20972]  WARN -- : discarding statistic item after validation error (Invalid timestamp): {:id=>"1", :namespace=>"application", :timestamp=>1678558230, :data=>"{\"duration\":10,\"latency_histogram\":[[0.0,1]],\"http_counters\":{\"status_502\":1,\"request_count\":1}}"}
W, [2023-03-11T18:25:42.499066 #20972]  WARN -- : discarding statistic item after validation error (Invalid timestamp): {:id=>"2", :namespace=>"application", :timestamp=>1678558250, :data=>"{\"duration\":10,\"latency_histogram\":[[0.0,1],[0.001,1]],\"http_counters\":{\"status_502\":2,\"request_count\":2}}"}
W, [2023-03-11T18:25:42.499089 #20972]  WARN -- : discarding statistic item after validation error (Invalid timestamp): {:id=>"3", :namespace=>"application", :timestamp=>1678558260, :data=>"{\"duration\":10,\"latency_histogram\":[[0.0,1]],\"http_counters\":{\"status_502\":1,\"request_count\":1}}"}
W, [2023-03-11T18:25:42.499114 #20972]  WARN -- : discarding statistic item after validation error (Invalid timestamp): {:id=>"4", :namespace=>"application", :timestamp=>1678558270, :data=>"{\"duration\":10,\"latency_histogram\":[[0.0,2]],\"http_counters\":{\"status_502\":2,\"request_count\":2}}"}
W, [2023-03-11T18:25:42.499135 #20972]  WARN -- : discarding statistic item after validation error (Invalid timestamp): {:id=>"5", :namespace=>"application", :timestamp=>1678558280, :data=>"{\"duration\":10,\"latency_histogram\":[[0.0,2],[0.001,1]],\"http_counters\":{\"status_502\":3,\"request_count\":3}}"}
W, [2023-03-11T18:25:42.499165 #20972]  WARN -- : discarding statistic item after validation error (Invalid timestamp): {:id=>"6", :namespace=>"application", :timestamp=>1678558290, :data=>"{\"duration\":10,\"latency_histogram\":[[0.0,1]],\"http_counters\":{\"status_502\":1,\"request_count\":1}}"}
W, [2023-03-11T18:25:42.499187 #20972]  WARN -- : discarding statistic item after validation error (Invalid timestamp): {:id=>"7", :namespace=>"application", :timestamp=>1678558300, :data=>"{\"duration\":10,\"latency_histogram\":[[0.0,2]],\"http_counters\":{\"status_502\":2,\"request_count\":2}}"}
W, [2023-03-11T18:25:42.499214 #20972]  WARN -- : discarding statistic item after validation error (Invalid timestamp): {:id=>"8", :namespace=>"application", :timestamp=>1678558310, :data=>"{\"duration\":10,\"latency_histogram\":[[0.0,3]],\"http_counters\":{\"status_502\":3,\"request_count\":3}}"}
